2024-06-12 15:39:14,126;Capella;6.1.0.202303291413;Open+Session;EO_tools.aird;;
2024-06-12 15:39:16,092;Capella;6.1.0.202303291413;Open+Session;EO_tools.aird;OK;
2024-06-12 15:45:47,865;Capella;6.1.0.202303291413;Create+Representation;Logical+Data+Flow+Blank;;2cdb1784-c9ad-4ced-a6af-3a8b09927811
2024-06-12 15:45:53,278;Capella;6.1.0.202303291413;Create+Representation;Logical+Data+Flow+Blank;OK;2cdb1784-c9ad-4ced-a6af-3a8b09927811
2024-06-12 15:46:15,466;Capella;6.1.0.202303291413;Create+Representation;Logical+Data+Flow+Blank;;2cdb1784-c9ad-4ced-a6af-3a8b09927811
2024-06-12 15:46:25,205;Capella;6.1.0.202303291413;Create+Representation;Logical+Data+Flow+Blank;;2cdb1784-c9ad-4ced-a6af-3a8b09927811
2024-06-12 15:46:25,523;Capella;6.1.0.202303291413;Create+Representation;Logical+Data+Flow+Blank;OK;2cdb1784-c9ad-4ced-a6af-3a8b09927811
2024-06-12 15:46:27,880;Capella;6.1.0.202303291413;Create+Representation;Logical+Data+Flow+Blank;OK;2cdb1784-c9ad-4ced-a6af-3a8b09927811
2024-06-12 15:57:29,543;Capella;6.1.0.202303291413;Create+Representation;System+Function+Breakdown;;ae989f1b-1d30-44f0-b15d-c160f6ec7189
2024-06-12 15:57:32,824;Capella;6.1.0.202303291413;Create+Representation;System+Function+Breakdown;;ae989f1b-1d30-44f0-b15d-c160f6ec7189
2024-06-12 15:57:32,840;Capella;6.1.0.202303291413;Create+Representation;System+Function+Breakdown;OK;ae989f1b-1d30-44f0-b15d-c160f6ec7189
2024-06-12 15:57:33,221;Capella;6.1.0.202303291413;Create+Representation;System+Function+Breakdown;OK;ae989f1b-1d30-44f0-b15d-c160f6ec7189
2024-06-13 11:14:18,956;Capella;6.1.0.202303291413;Create+Representation;Class+Diagram+Blank;;21a7832d-1fde-4727-b2ae-1170891eb02c
2024-06-13 11:14:33,395;Capella;6.1.0.202303291413;Create+Representation;Class+Diagram+Blank;;21a7832d-1fde-4727-b2ae-1170891eb02c
2024-06-13 11:14:33,498;Capella;6.1.0.202303291413;Create+Representation;Class+Diagram+Blank;OK;21a7832d-1fde-4727-b2ae-1170891eb02c
2024-06-13 11:14:36,164;Capella;6.1.0.202303291413;Create+Representation;Class+Diagram+Blank;OK;21a7832d-1fde-4727-b2ae-1170891eb02c
2024-06-13 11:51:25,846;Capella;6.1.0.202303291413;Transition;Data+Transition;;
2024-06-13 11:51:30,232;Capella;6.1.0.202303291413;Transition;Data+Transition;ERROR;
2024-06-13 17:21:33,401;Capella;6.1.0.202303291413;Create+Representation;Logical+Function+Breakdown;;2cdb1784-c9ad-4ced-a6af-3a8b09927811
2024-06-13 17:21:35,387;Capella;6.1.0.202303291413;Create+Representation;Logical+Function+Breakdown;;2cdb1784-c9ad-4ced-a6af-3a8b09927811
2024-06-13 17:21:35,444;Capella;6.1.0.202303291413;Create+Representation;Logical+Function+Breakdown;OK;2cdb1784-c9ad-4ced-a6af-3a8b09927811
2024-06-13 17:21:35,940;Capella;6.1.0.202303291413;Create+Representation;Logical+Function+Breakdown;OK;2cdb1784-c9ad-4ced-a6af-3a8b09927811
2024-06-13 17:22:42,725;Capella;6.1.0.202303291413;Create+Representation;Physical+Function+Breakdown;;e2567b5e-1ca7-43f7-bb96-9839b4074489
2024-06-13 17:22:44,594;Capella;6.1.0.202303291413;Create+Representation;Physical+Function+Breakdown;OK;e2567b5e-1ca7-43f7-bb96-9839b4074489
2024-06-27 13:38:34,952;Capella;6.1.0.202303291413;Open+Representation;;;
2024-06-27 13:38:38,496;Capella;6.1.0.202303291413;Open+Representation;;OK;
2024-06-27 13:41:52,546;Capella;6.1.0.202303291413;Create+Representation;Logical+Architecture+Blank;;5be1a448-ac84-4efa-82d0-c4d712594ac8
2024-06-27 13:41:54,481;Capella;6.1.0.202303291413;Create+Representation;Logical+Architecture+Blank;;5be1a448-ac84-4efa-82d0-c4d712594ac8
2024-06-27 13:41:54,592;Capella;6.1.0.202303291413;Create+Representation;Logical+Architecture+Blank;OK;5be1a448-ac84-4efa-82d0-c4d712594ac8
2024-06-27 13:41:55,517;Capella;6.1.0.202303291413;Create+Representation;Logical+Architecture+Blank;OK;5be1a448-ac84-4efa-82d0-c4d712594ac8
2024-06-27 13:49:51,115;Capella;6.1.0.202303291413;Open+Representation;;;
2024-06-27 13:49:51,312;Capella;6.1.0.202303291413;Open+Representation;;OK;
2024-06-27 13:52:17,129;Capella;6.1.0.202303291413;Create+Representation;Functional+Scenario;;26eff002-daa7-491e-b1d7-a958a22569e5
2024-06-27 13:52:17,338;Capella;6.1.0.202303291413;Create+Representation;Functional+Scenario;OK;26eff002-daa7-491e-b1d7-a958a22569e5
2024-06-27 13:52:35,105;Capella;6.1.0.202303291413;Transition;Function+Scenario+to+Exchange+Scenario+Initialization;;
2024-06-27 13:52:35,717;Capella;6.1.0.202303291413;Transition;Function+Scenario+to+Exchange+Scenario+Initialization;OK;
2024-06-27 13:52:38,659;Capella;6.1.0.202303291413;Create+Representation;Component+Exchanges+Scenario;;3d17f517-e924-4780-b5f1-a79cf787f2b0
2024-06-27 13:52:38,738;Capella;6.1.0.202303291413;Create+Representation;Component+Exchanges+Scenario;OK;3d17f517-e924-4780-b5f1-a79cf787f2b0
2024-06-27 13:52:43,534;Capella;6.1.0.202303291413;Open+Representation;;;
2024-06-27 13:52:43,814;Capella;6.1.0.202303291413;Open+Representation;;OK;
2024-06-27 13:52:46,657;Capella;6.1.0.202303291413;Open+Representation;;;
2024-06-27 13:52:46,878;Capella;6.1.0.202303291413;Open+Representation;;OK;
2024-06-27 13:53:30,621;Capella;6.1.0.202303291413;Open+Representation;;;
2024-06-27 13:53:30,824;Capella;6.1.0.202303291413;Open+Representation;;OK;
2024-06-27 13:53:35,508;Capella;6.1.0.202303291413;Open+Representation;;;
2024-06-27 13:53:35,668;Capella;6.1.0.202303291413;Open+Representation;;OK;
2024-06-27 13:53:58,908;Capella;6.1.0.202303291413;Open+Representation;;;
2024-06-27 13:53:59,112;Capella;6.1.0.202303291413;Open+Representation;;OK;
2024-06-27 13:54:02,430;Capella;6.1.0.202303291413;Open+Representation;;;
2024-06-27 13:54:02,624;Capella;6.1.0.202303291413;Open+Representation;;OK;
2024-06-27 13:59:48,851;Capella;6.1.0.202303291413;Open+Representation;;;
2024-06-27 13:59:49,075;Capella;6.1.0.202303291413;Open+Representation;;OK;
2024-06-27 13:59:54,739;Capella;6.1.0.202303291413;Open+Representation;;;
2024-06-27 13:59:55,157;Capella;6.1.0.202303291413;Open+Representation;;OK;
2024-06-27 15:01:39,170;Capella;6.1.0.202303291413;Open+Representation;;;
2024-06-27 15:01:39,765;Capella;6.1.0.202303291413;Open+Representation;;OK;
2024-06-27 15:01:55,018;Capella;6.1.0.202303291413;Open+Representation;;;
2024-06-27 15:01:55,413;Capella;6.1.0.202303291413;Open+Representation;;OK;
2024-06-27 15:02:13,636;Capella;6.1.0.202303291413;Open+Representation;;;
2024-06-27 15:02:14,123;Capella;6.1.0.202303291413;Open+Representation;;OK;
2024-06-27 15:02:44,201;Capella;6.1.0.202303291413;Create+Representation;Logical+Architecture+Blank;;5be1a448-ac84-4efa-82d0-c4d712594ac8
2024-06-27 15:02:54,660;Capella;6.1.0.202303291413;Create+Representation;Logical+Architecture+Blank;;5be1a448-ac84-4efa-82d0-c4d712594ac8
2024-06-27 15:02:54,681;Capella;6.1.0.202303291413;Create+Representation;Logical+Architecture+Blank;OK;5be1a448-ac84-4efa-82d0-c4d712594ac8
2024-06-27 15:02:55,139;Capella;6.1.0.202303291413;Create+Representation;Logical+Architecture+Blank;OK;5be1a448-ac84-4efa-82d0-c4d712594ac8
2024-06-27 15:11:57,936;Capella;6.1.0.202303291413;Open+Representation;;;
2024-06-27 15:11:58,523;Capella;6.1.0.202303291413;Open+Representation;;OK;
2024-06-27 16:35:37,245;Capella;6.1.0.202303291413;Open+Representation;;;
2024-06-27 16:35:39,340;Capella;6.1.0.202303291413;Open+Representation;;OK;
2024-07-03 16:26:24,566;Capella;6.1.0.202303291413;Open+Representation;;;
2024-07-03 16:26:24,772;Capella;6.1.0.202303291413;Open+Representation;;OK;
2024-07-04 09:20:27,726;Capella;6.1.0.202303291413;Create+Representation;Functional+Scenario;;d46f791f-eb03-4805-b13e-133a4e1d5ee0
2024-07-04 09:20:28,696;Capella;6.1.0.202303291413;Create+Representation;Functional+Scenario;OK;d46f791f-eb03-4805-b13e-133a4e1d5ee0
2024-07-04 09:20:46,316;Capella;6.1.0.202303291413;Transition;Function+Scenario+to+Exchange+Scenario+Initialization;;
2024-07-04 09:20:48,697;Capella;6.1.0.202303291413;Transition;Function+Scenario+to+Exchange+Scenario+Initialization;OK;
2024-07-04 09:20:53,770;Capella;6.1.0.202303291413;Create+Representation;Component+Exchanges+Scenario;;a9c1b90e-9eb8-4b5b-99df-f36330eb2fdf
2024-07-04 09:20:54,132;Capella;6.1.0.202303291413;Create+Representation;Component+Exchanges+Scenario;OK;a9c1b90e-9eb8-4b5b-99df-f36330eb2fdf
2024-07-04 10:01:02,198;Capella;6.1.0.202303291413;Create+Representation;Functional+Scenario;;09f6ec23-bf5b-4a48-adf0-7caf6e41f508
2024-07-04 10:01:02,697;Capella;6.1.0.202303291413;Create+Representation;Functional+Scenario;OK;09f6ec23-bf5b-4a48-adf0-7caf6e41f508
2024-07-04 10:05:30,816;Capella;6.1.0.202303291413;Open+Representation;;;
2024-07-04 10:05:32,236;Capella;6.1.0.202303291413;Open+Representation;;OK;
2024-07-04 10:05:46,880;Capella;6.1.0.202303291413;Create+Representation;Functional+Scenario;;ceb941de-00cc-400a-8640-7c23dae087ef
2024-07-04 10:05:47,487;Capella;6.1.0.202303291413;Create+Representation;Functional+Scenario;OK;ceb941de-00cc-400a-8640-7c23dae087ef
2024-07-04 10:06:02,361;Capella;6.1.0.202303291413;Open+Representation;;;
2024-07-04 10:06:04,405;Capella;6.1.0.202303291413;Open+Representation;;OK;
2024-07-04 10:07:12,760;Capella;6.1.0.202303291413;Open+Representation;;;
2024-07-04 10:07:14,220;Capella;6.1.0.202303291413;Open+Representation;;OK;
2024-07-04 10:07:38,417;Capella;6.1.0.202303291413;Create+Representation;Functional+Scenario;;80732506-7eaa-4e8b-96a1-64811d45101b
2024-07-04 10:07:38,825;Capella;6.1.0.202303291413;Create+Representation;Functional+Scenario;OK;80732506-7eaa-4e8b-96a1-64811d45101b
2024-07-04 10:07:54,674;Capella;6.1.0.202303291413;Open+Representation;;;
2024-07-04 10:07:56,155;Capella;6.1.0.202303291413;Open+Representation;;OK;
2024-07-04 10:08:18,029;Capella;6.1.0.202303291413;Create+Representation;Functional+Scenario;;38ed5d52-ffab-439f-83d6-73a384358e17
2024-07-04 10:08:18,407;Capella;6.1.0.202303291413;Create+Representation;Functional+Scenario;OK;38ed5d52-ffab-439f-83d6-73a384358e17
2024-07-04 10:13:16,042;Capella;6.1.0.202303291413;Transition;Logical+Functional+Scenario+to+Physical+Functional+Scenario+Initialization;;
2024-07-04 10:13:16,850;Capella;6.1.0.202303291413;Transition;Capability+Transition;;
2024-07-04 10:13:18,198;Capella;6.1.0.202303291413;Transition;Capability+Transition;OK;
2024-07-04 10:13:18,224;Capella;6.1.0.202303291413;Transition;Functional+Transition;;
2024-07-04 10:13:18,631;Capella;6.1.0.202303291413;Transition;Functional+Transition;OK;
2024-07-04 10:13:18,635;Capella;6.1.0.202303291413;Transition;Functional+Transition;;
2024-07-04 10:13:18,862;Capella;6.1.0.202303291413;Transition;Functional+Transition;OK;
2024-07-04 10:13:18,867;Capella;6.1.0.202303291413;Transition;Functional+Transition;;
2024-07-04 10:13:19,160;Capella;6.1.0.202303291413;Transition;Functional+Transition;OK;
2024-07-04 10:13:19,166;Capella;6.1.0.202303291413;Transition;Functional+Transition;;
2024-07-04 10:13:19,429;Capella;6.1.0.202303291413;Transition;Functional+Transition;OK;
2024-07-04 10:13:19,432;Capella;6.1.0.202303291413;Transition;Functional+Transition;;
2024-07-04 10:13:19,677;Capella;6.1.0.202303291413;Transition;Functional+Transition;OK;
2024-07-04 10:13:19,681;Capella;6.1.0.202303291413;Transition;Functional+Transition;;
2024-07-04 10:13:19,893;Capella;6.1.0.202303291413;Transition;Functional+Transition;OK;
2024-07-04 10:13:19,898;Capella;6.1.0.202303291413;Transition;Functional+Transition;;
2024-07-04 10:13:20,156;Capella;6.1.0.202303291413;Transition;Functional+Transition;OK;
2024-07-04 10:13:20,162;Capella;6.1.0.202303291413;Transition;Functional+Transition;;
2024-07-04 10:13:20,366;Capella;6.1.0.202303291413;Transition;Functional+Transition;OK;
2024-07-04 10:13:21,543;Capella;6.1.0.202303291413;Transition;Logical+Functional+Scenario+to+Physical+Functional+Scenario+Initialization;OK;
2024-07-04 10:13:55,296;Capella;6.1.0.202303291413;Transition;Function+Scenario+to+Exchange+Scenario+Initialization;;
2024-07-04 10:13:56,218;Capella;6.1.0.202303291413;Transition;Function+Scenario+to+Exchange+Scenario+Initialization;OK;
2024-07-04 10:14:00,441;Capella;6.1.0.202303291413;Create+Representation;Component+Exchanges+Scenario;;6959aaf0-ca91-4cd7-9e0b-ed545338bf82
2024-07-04 10:14:00,689;Capella;6.1.0.202303291413;Create+Representation;Component+Exchanges+Scenario;OK;6959aaf0-ca91-4cd7-9e0b-ed545338bf82
2024-07-04 10:14:20,501;Capella;6.1.0.202303291413;Open+Representation;;;
2024-07-04 10:14:22,297;Capella;6.1.0.202303291413;Open+Representation;;OK;
2024-07-04 10:25:54,761;Capella;6.1.0.202303291413;Create+Representation;Functional+Scenario;;998c8975-a5c2-4719-a853-11920d4c022f
2024-07-04 10:25:55,712;Capella;6.1.0.202303291413;Create+Representation;Functional+Scenario;OK;998c8975-a5c2-4719-a853-11920d4c022f
2024-07-04 10:28:32,612;Capella;6.1.0.202303291413;Create+Representation;Functional+Scenario;;4aa24066-fb7d-44e9-aeab-f54e73b73686
2024-07-04 10:28:33,039;Capella;6.1.0.202303291413;Create+Representation;Functional+Scenario;OK;4aa24066-fb7d-44e9-aeab-f54e73b73686
2024-07-04 10:31:17,441;Capella;6.1.0.202303291413;Create+Representation;Functional+Scenario;;93ed85fa-8757-4a2c-97c5-92a53d2eef2a
2024-07-04 10:31:17,836;Capella;6.1.0.202303291413;Create+Representation;Functional+Scenario;OK;93ed85fa-8757-4a2c-97c5-92a53d2eef2a
2024-07-04 10:36:14,103;Capella;6.1.0.202303291413;Create+Representation;Functional+Scenario;;20e739fe-d963-425d-ac01-7155475753aa
2024-07-04 10:36:14,542;Capella;6.1.0.202303291413;Create+Representation;Functional+Scenario;OK;20e739fe-d963-425d-ac01-7155475753aa
2024-07-04 10:38:56,625;Capella;6.1.0.202303291413;Open+Representation;;;
2024-07-04 10:38:58,737;Capella;6.1.0.202303291413;Open+Representation;;OK;
2024-07-04 11:00:58,055;Capella;6.1.0.202303291413;Open+Representation;;;
2024-07-04 11:01:00,228;Capella;6.1.0.202303291413;Open+Representation;;OK;
2024-07-04 11:01:10,700;Capella;6.1.0.202303291413;Open+Representation;;;
2024-07-04 11:01:12,542;Capella;6.1.0.202303291413;Open+Representation;;OK;
2024-07-04 11:01:21,384;Capella;6.1.0.202303291413;Open+Representation;;;
2024-07-04 11:01:23,281;Capella;6.1.0.202303291413;Open+Representation;;OK;
2024-07-04 11:01:36,937;Capella;6.1.0.202303291413;Open+Representation;;;
2024-07-04 11:01:38,772;Capella;6.1.0.202303291413;Open+Representation;;OK;
2024-07-05 10:21:55,452;Capella;6.1.0.202303291413;Open+Session;EO_tools.aird;;
2024-07-05 10:22:04,015;Capella;6.1.0.202303291413;Open+Session;EO_tools.aird;OK;
2024-07-05 10:22:38,640;Capella;6.1.0.202303291413;Open+Representation;;;
2024-07-05 10:22:41,380;Capella;6.1.0.202303291413;Open+Representation;;OK;
2024-07-05 10:23:12,847;Capella;6.1.0.202303291413;Open+Representation;;;
2024-07-05 10:23:14,948;Capella;6.1.0.202303291413;Open+Representation;;OK;
2024-07-05 10:24:35,152;Capella;6.1.0.202303291413;Open+Representation;;;
2024-07-05 10:24:36,123;Capella;6.1.0.202303291413;Open+Representation;;OK;
2024-07-05 10:39:42,074;Capella;6.1.0.202303291413;Open+Session;EO_tools.aird;;
2024-07-05 10:39:49,989;Capella;6.1.0.202303291413;Open+Session;EO_tools.aird;OK;
2024-07-05 10:40:10,885;Capella;6.1.0.202303291413;Open+Representation;;;
2024-07-05 10:40:14,412;Capella;6.1.0.202303291413;Open+Representation;;OK;
2024-07-05 11:54:16,293;Capella;6.1.0.202303291413;Open+Session;EO_tools.aird;;
2024-07-05 11:54:16,865;Capella;6.1.0.202303291413;Open+Session;EO_tools.aird;ERROR;
2024-07-05 12:04:07,705;Capella;6.1.0.202303291413;Open+Representation;;;
2024-07-05 12:04:12,620;Capella;6.1.0.202303291413;Open+Representation;;OK;
2024-07-05 12:08:07,459;Capella;6.1.0.202303291413;Open+Representation;;;
2024-07-05 12:08:08,763;Capella;6.1.0.202303291413;Open+Representation;;OK;
2024-07-05 12:08:13,962;Capella;6.1.0.202303291413;Open+Representation;;;
2024-07-05 12:08:15,061;Capella;6.1.0.202303291413;Open+Representation;;OK;
2024-07-05 14:07:15,989;Capella;6.1.0.202303291413;Create+Representation;Operational+Capabilities+Blank;;ab088300-b1d5-42c6-a9e8-655781fabc98
2024-07-05 14:07:21,967;Capella;6.1.0.202303291413;Create+Representation;Operational+Capabilities+Blank;;ab088300-b1d5-42c6-a9e8-655781fabc98
2024-07-05 14:07:22,109;Capella;6.1.0.202303291413;Create+Representation;Operational+Capabilities+Blank;OK;ab088300-b1d5-42c6-a9e8-655781fabc98
2024-07-05 14:07:23,039;Capella;6.1.0.202303291413;Create+Representation;Operational+Capabilities+Blank;OK;ab088300-b1d5-42c6-a9e8-655781fabc98
2024-07-05 14:40:04,761;Capella;6.1.0.202303291413;Open+Representation;;;
2024-07-05 14:40:05,781;Capella;6.1.0.202303291413;Open+Representation;;OK;
